Flutter crash report.
Please report a bug at https://github.com/flutter/flutter/issues.

## command

flutter run -d edge --web-renderer html

## exception

RPCError: getIsolate: (-32603) getIsolate: Invalid argument (isolateId): Unrecognized isolate id. (Supported isolate: 42373): "40447"
#0      ChromeProxyService._getIsolate (package:dwds/src/services/chrome_proxy_service.dart:534:5)
#1      ChromeProxyService.getIsolate.<anonymous closure> (package:dwds/src/services/chrome_proxy_service.dart:542:14)
<asynchronous suspension>
#2      StackZoneSpecification._registerUnaryCallback.<anonymous closure> (package:stack_trace/src/stack_zone_specification.dart:125:47)
<asynchronous suspension>


```
#0      new _OutstandingRequest (package:vm_service/src/vm_service.dart:1746:45)
#1      VmService._call (package:vm_service/src/vm_service.dart:2262:21)
#2      VmService.getIsolate (package:vm_service/src/vm_service.dart:1986:7)
#3      FlutterVmService.getIsolateOrNull (package:flutter_tools/src/vmservice.dart:934:20)
#4      FlutterVmService.findExtensionIsolate (package:flutter_tools/src/vmservice.dart:899:51)
<asynchronous suspension>
#5      FlutterResidentDevtoolsHandler._waitForExtensionsForDevice (package:flutter_tools/src/resident_devtools_handler.dart:177:7)
<asynchronous suspension>
#6      Future.wait.<anonymous closure> (dart:async/future.dart:522:21)
<asynchronous suspension>
#7      FlutterResidentDevtoolsHandler.hotRestart (package:flutter_tools/src/resident_devtools_handler.dart:245:55)
<asynchronous suspension>
```

## flutter doctor

```
[✓] Flutter (Channel stable, 3.3.2, on Microsoft Windows [Versi¢n 10.0.19044.2006], locale es-MX)
    • Flutter version 3.3.2 on channel stable at C:\flutter
    • Upstream repository https://github.com/flutter/flutter.git
    • Framework revision e3c29ec00c (6 days ago), 2022-09-14 08:46:55 -0500
    • Engine revision a4ff2c53d8
    • Dart version 2.18.1
    • DevTools version 2.15.0

[✓] Android toolchain - develop for Android devices (Android SDK version 32.1.0-rc1)
    • Android SDK at C:\Users\CESAR MELCHOR GARCIA\AppData\Local\Android\sdk
    • Platform android-32, build-tools 32.1.0-rc1
    • Java binary at: C:\Program Files\Android\Android Studio\jre\bin\java
    • Java version OpenJDK Runtime Environment (build 11.0.11+9-b60-7590822)
    • All Android licenses accepted.

[✓] Chrome - develop for the web
    • Chrome at C:\Program Files\Google\Chrome\Application\chrome.exe

[✓] Visual Studio - develop for Windows (Visual Studio Build Tools 2019 16.11.10)
    • Visual Studio at C:\Program Files (x86)\Microsoft Visual Studio\2019\BuildTools
    • Visual Studio Build Tools 2019 version 16.11.32126.315
    • Windows 10 SDK version 10.0.19041.0

[✓] Android Studio (version 2021.1)
    • Android Studio at C:\Program Files\Android\Android Studio
    • Flutter plugin can be installed from:
      🔨 https://plugins.jetbrains.com/plugin/9212-flutter
    • Dart plugin can be installed from:
      🔨 https://plugins.jetbrains.com/plugin/6351-dart
    • Java version OpenJDK Runtime Environment (build 11.0.11+9-b60-7590822)

[✓] VS Code (version 1.71.2)
    • VS Code at C:\Users\CESAR MELCHOR GARCIA\AppData\Local\Programs\Microsoft VS Code
    • Flutter extension version 3.29.0

[✓] Connected device (3 available)
    • Windows (desktop) • windows • windows-x64    • Microsoft Windows [Versi¢n 10.0.19044.2006]
    • Chrome (web)      • chrome  • web-javascript • Google Chrome 105.0.5195.127
    • Edge (web)        • edge    • web-javascript • Microsoft Edge 105.0.1343.42

[✓] HTTP Host Availability
    • All required HTTP hosts are available

• No issues found!
```
